TN:
SF:src\app.ts
FN:27,(anonymous_8)
FN:27,(anonymous_9)
FN:50,(anonymous_10)
FN:50,(anonymous_11)
FNF:4
FNH:4
FNDA:2,(anonymous_8)
FNDA:2,(anonymous_9)
FNDA:1,(anonymous_10)
FNDA:1,(anonymous_11)
DA:1,1
DA:2,1
DA:3,1
DA:4,1
DA:5,1
DA:6,1
DA:7,1
DA:9,1
DA:11,1
DA:20,1
DA:23,1
DA:24,1
DA:27,2
DA:28,2
DA:30,2
DA:31,2
DA:36,2
DA:46,0
DA:50,1
DA:51,1
DA:60,1
DA:63,1
DA:65,1
DA:67,1
LF:24
LH:23
BRDA:40,0,0,0
BRDA:40,0,1,2
BRF:2
BRH:1
end_of_record
TN:
SF:src\app\Modules\Telegram\telegram.bot.ts
FN:21,(anonymous_17)
FN:52,(anonymous_18)
FN:72,(anonymous_19)
FN:78,(anonymous_20)
FN:93,(anonymous_21)
FN:98,(anonymous_22)
FN:190,(anonymous_23)
FN:207,(anonymous_24)
FN:223,(anonymous_25)
FN:244,(anonymous_26)
FN:244,(anonymous_27)
FN:324,(anonymous_28)
FN:343,(anonymous_29)
FN:343,(anonymous_30)
FN:357,(anonymous_31)
FN:368,(anonymous_32)
FNF:16
FNH:0
FNDA:0,(anonymous_17)
FNDA:0,(anonymous_18)
FNDA:0,(anonymous_19)
FNDA:0,(anonymous_20)
FNDA:0,(anonymous_21)
FNDA:0,(anonymous_22)
FNDA:0,(anonymous_23)
FNDA:0,(anonymous_24)
FNDA:0,(anonymous_25)
FNDA:0,(anonymous_26)
FNDA:0,(anonymous_27)
FNDA:0,(anonymous_28)
FNDA:0,(anonymous_29)
FNDA:0,(anonymous_30)
FNDA:0,(anonymous_31)
FNDA:0,(anonymous_32)
DA:2,0
DA:3,0
DA:4,0
DA:5,0
DA:6,0
DA:7,0
DA:8,0
DA:9,0
DA:10,0
DA:12,0
DA:15,0
DA:18,0
DA:21,0
DA:22,0
DA:23,0
DA:25,0
DA:26,0
DA:29,0
DA:31,0
DA:34,0
DA:35,0
DA:36,0
DA:37,0
DA:41,0
DA:42,0
DA:43,0
DA:44,0
DA:45,0
DA:46,0
DA:50,0
DA:51,0
DA:52,0
DA:53,0
DA:54,0
DA:55,0
DA:58,0
DA:59,0
DA:63,0
DA:65,0
DA:67,0
DA:72,0
DA:78,0
DA:79,0
DA:84,0
DA:85,0
DA:92,0
DA:93,0
DA:94,0
DA:95,0
DA:96,0
DA:98,0
DA:99,0
DA:100,0
DA:101,0
DA:104,0
DA:105,0
DA:110,0
DA:115,0
DA:128,0
DA:130,0
DA:136,0
DA:137,0
DA:141,0
DA:144,0
DA:145,0
DA:146,0
DA:151,0
DA:158,0
DA:162,0
DA:171,0
DA:177,0
DA:180,0
DA:181,0
DA:182,0
DA:190,0
DA:191,0
DA:207,0
DA:208,0
DA:223,0
DA:224,0
DA:225,0
DA:227,0
DA:228,0
DA:236,0
DA:244,0
DA:245,0
DA:248,0
DA:249,0
DA:256,0
DA:259,0
DA:260,0
DA:268,0
DA:270,0
DA:272,0
DA:274,0
DA:275,0
DA:278,0
DA:280,0
DA:283,0
DA:290,0
DA:293,0
DA:294,0
DA:296,0
DA:299,0
DA:306,0
DA:307,0
DA:309,0
DA:318,0
DA:324,0
DA:326,0
DA:329,0
DA:330,0
DA:333,0
DA:338,0
DA:343,0
DA:344,0
DA:346,0
DA:347,0
DA:352,0
DA:357,0
DA:358,0
DA:359,0
DA:368,0
DA:369,0
DA:370,0
DA:373,0
LF:126
LH:0
BRDA:25,0,0,0
BRDA:25,0,1,0
BRDA:34,1,0,0
BRDA:34,1,1,0
BRDA:41,2,0,0
BRDA:41,2,1,0
BRDA:50,3,0,0
BRDA:50,3,1,0
BRDA:50,4,0,0
BRDA:50,4,1,0
BRDA:58,5,0,0
BRDA:58,5,1,0
BRDA:95,6,0,0
BRDA:95,6,1,0
BRDA:144,7,0,0
BRDA:144,7,1,0
BRDA:158,8,0,0
BRDA:158,8,1,0
BRDA:158,8,2,0
BRDA:158,9,0,0
BRDA:158,9,1,0
BRDA:158,10,0,0
BRDA:158,10,1,0
BRDA:158,11,0,0
BRDA:158,11,1,0
BRDA:158,12,0,0
BRDA:158,12,1,0
BRDA:180,13,0,0
BRDA:180,13,1,0
BRDA:227,14,0,0
BRDA:227,14,1,0
BRDA:248,15,0,0
BRDA:248,15,1,0
BRDA:259,16,0,0
BRDA:259,16,1,0
BRDA:259,17,0,0
BRDA:259,17,1,0
BRDA:329,18,0,0
BRDA:329,18,1,0
BRDA:346,19,0,0
BRDA:346,19,1,0
BRDA:358,20,0,0
BRDA:358,20,1,0
BRF:43
BRH:0
end_of_record
TN:
SF:src\app\Modules\User\User.constant.ts
FNF:0
FNH:0
DA:1,3
DA:6,3
LF:2
LH:2
BRF:0
BRH:0
end_of_record
TN:
SF:src\app\Modules\User\User.controller.ts
FN:7,(anonymous_8)
FN:7,(anonymous_9)
FN:18,(anonymous_10)
FN:18,(anonymous_11)
FN:29,(anonymous_12)
FN:29,(anonymous_13)
FN:41,(anonymous_14)
FN:41,(anonymous_15)
FN:54,(anonymous_16)
FN:54,(anonymous_17)
FNF:10
FNH:10
FNDA:2,(anonymous_8)
FNDA:2,(anonymous_9)
FNDA:2,(anonymous_10)
FNDA:2,(anonymous_11)
FNDA:2,(anonymous_12)
FNDA:2,(anonymous_13)
FNDA:1,(anonymous_14)
FNDA:1,(anonymous_15)
FNDA:1,(anonymous_16)
FNDA:1,(anonymous_17)
DA:2,2
DA:3,2
DA:4,2
DA:5,2
DA:7,2
DA:9,2
DA:10,1
DA:18,2
DA:19,2
DA:21,2
DA:29,2
DA:30,2
DA:31,2
DA:33,2
DA:41,2
DA:42,1
DA:43,1
DA:44,1
DA:46,1
DA:54,2
DA:55,1
DA:56,1
DA:58,1
DA:66,2
LF:24
LH:24
BRF:0
BRH:0
end_of_record
TN:
SF:src\app\Modules\User\User.model.ts
FN:45,(anonymous_8)
FN:56,(anonymous_10)
FNF:2
FNH:2
FNDA:16,(anonymous_8)
FNDA:15,(anonymous_10)
DA:1,4
DA:3,4
DA:4,4
DA:6,4
DA:45,4
DA:47,16
DA:49,16
DA:53,16
DA:56,4
DA:57,15
DA:58,15
DA:62,4
LF:12
LH:12
BRF:0
BRH:0
end_of_record
TN:
SF:src\app\Modules\User\User.route.ts
FNF:0
FNH:0
DA:1,1
DA:2,1
DA:3,1
DA:4,1
DA:5,1
DA:7,1
DA:9,1
DA:16,1
DA:20,1
DA:26,1
DA:32,1
DA:34,1
LF:12
LH:12
BRF:0
BRH:0
end_of_record
TN:
SF:src\app\Modules\User\User.service.ts
FN:6,(anonymous_8)
FN:6,(anonymous_9)
FN:11,(anonymous_10)
FN:11,(anonymous_11)
FN:23,(anonymous_12)
FN:23,(anonymous_13)
FN:28,(anonymous_14)
FN:28,(anonymous_15)
FN:36,(anonymous_16)
FN:36,(anonymous_17)
FNF:10
FNH:10
FNDA:2,(anonymous_8)
FNDA:2,(anonymous_9)
FNDA:1,(anonymous_10)
FNDA:1,(anonymous_11)
FNDA:2,(anonymous_12)
FNDA:2,(anonymous_13)
FNDA:1,(anonymous_14)
FNDA:1,(anonymous_15)
FNDA:2,(anonymous_16)
FNDA:2,(anonymous_17)
DA:1,3
DA:2,3
DA:4,3
DA:6,3
DA:7,2
DA:8,1
DA:11,3
DA:12,1
DA:19,0
DA:20,0
DA:23,3
DA:24,2
DA:25,2
DA:28,3
DA:29,1
DA:32,1
DA:36,3
DA:37,2
DA:38,2
DA:42,3
LF:20
LH:18
BRF:0
BRH:0
end_of_record
TN:
SF:src\app\Modules\User\User.validation.ts
FNF:0
FNH:0
DA:1,1
DA:3,1
DA:15,1
DA:24,1
LF:4
LH:4
BRF:0
BRH:0
end_of_record
TN:
SF:src\app\Modules\Video\Video.constant.ts
FNF:0
FNH:0
DA:1,2
LF:1
LH:1
BRF:0
BRH:0
end_of_record
TN:
SF:src\app\Modules\Video\Video.controller.ts
FN:16,(anonymous_15)
FN:29,(anonymous_16)
FN:35,(anonymous_17)
FN:54,(anonymous_18)
FN:133,(anonymous_19)
FN:167,(anonymous_20)
FN:167,(anonymous_21)
FN:222,(anonymous_22)
FN:246,(anonymous_23)
FN:246,(anonymous_24)
FN:257,(anonymous_25)
FN:257,(anonymous_26)
FN:269,(anonymous_27)
FN:269,(anonymous_28)
FN:295,(anonymous_29)
FN:330,(anonymous_30)
FN:336,(anonymous_31)
FN:346,(anonymous_32)
FN:360,(anonymous_33)
FN:370,(anonymous_34)
FN:383,(anonymous_35)
FN:383,(anonymous_36)
FN:422,(anonymous_37)
FN:422,(anonymous_38)
FNF:24
FNH:0
FNDA:0,(anonymous_15)
FNDA:0,(anonymous_16)
FNDA:0,(anonymous_17)
FNDA:0,(anonymous_18)
FNDA:0,(anonymous_19)
FNDA:0,(anonymous_20)
FNDA:0,(anonymous_21)
FNDA:0,(anonymous_22)
FNDA:0,(anonymous_23)
FNDA:0,(anonymous_24)
FNDA:0,(anonymous_25)
FNDA:0,(anonymous_26)
FNDA:0,(anonymous_27)
FNDA:0,(anonymous_28)
FNDA:0,(anonymous_29)
FNDA:0,(anonymous_30)
FNDA:0,(anonymous_31)
FNDA:0,(anonymous_32)
FNDA:0,(anonymous_33)
FNDA:0,(anonymous_34)
FNDA:0,(anonymous_35)
FNDA:0,(anonymous_36)
FNDA:0,(anonymous_37)
FNDA:0,(anonymous_38)
DA:3,1
DA:4,1
DA:5,1
DA:6,1
DA:7,1
DA:8,1
DA:9,1
DA:10,1
DA:11,1
DA:13,1
DA:16,1
DA:18,0
DA:21,0
DA:22,0
DA:25,0
DA:29,1
DA:35,0
DA:36,0
DA:37,0
DA:38,0
DA:43,0
DA:45,0
DA:50,0
DA:51,0
DA:52,0
DA:54,0
DA:55,0
DA:56,0
DA:57,0
DA:61,0
DA:62,0
DA:67,0
DA:80,0
DA:83,0
DA:89,0
DA:92,0
DA:93,0
DA:94,0
DA:97,0
DA:103,0
DA:106,0
DA:111,0
DA:121,0
DA:123,0
DA:128,0
DA:129,0
DA:133,0
DA:134,0
DA:137,0
DA:147,0
DA:158,0
DA:159,0
DA:160,0
DA:167,1
DA:168,0
DA:169,0
DA:175,0
DA:176,0
DA:182,0
DA:183,0
DA:185,0
DA:186,0
DA:188,0
DA:195,0
DA:198,0
DA:199,0
DA:201,0
DA:203,0
DA:210,0
DA:214,0
DA:222,0
DA:224,0
DA:239,0
DA:240,0
DA:242,0
DA:246,1
DA:247,0
DA:249,0
DA:257,1
DA:258,0
DA:259,0
DA:261,0
DA:269,1
DA:270,0
DA:271,0
DA:272,0
DA:273,0
DA:275,0
DA:277,0
DA:278,0
DA:279,0
DA:280,0
DA:281,0
DA:283,0
DA:284,0
DA:285,0
DA:286,0
DA:287,0
DA:288,0
DA:290,0
DA:292,0
DA:293,0
DA:295,0
DA:296,0
DA:297,0
DA:298,0
DA:299,0
DA:300,0
DA:301,0
DA:302,0
DA:303,0
DA:305,0
DA:306,0
DA:307,0
DA:308,0
DA:310,0
DA:311,0
DA:312,0
DA:314,0
DA:318,0
DA:319,0
DA:320,0
DA:322,0
DA:323,0
DA:324,0
DA:325,0
DA:326,0
DA:330,0
DA:331,0
DA:332,0
DA:336,0
DA:338,0
DA:339,0
DA:340,0
DA:341,0
DA:342,0
DA:346,0
DA:347,0
DA:348,0
DA:352,0
DA:353,0
DA:354,0
DA:355,0
DA:357,0
DA:358,0
DA:360,0
DA:362,0
DA:363,0
DA:364,0
DA:365,0
DA:366,0
DA:370,0
DA:371,0
DA:372,0
DA:377,0
DA:378,0
DA:383,1
DA:384,0
DA:385,0
DA:388,0
DA:390,0
DA:391,0
DA:397,0
DA:398,0
DA:405,0
DA:410,0
DA:422,1
DA:423,0
DA:424,0
DA:427,0
DA:429,0
DA:430,0
DA:436,0
DA:437,0
DA:444,0
DA:445,0
DA:446,0
DA:448,0
DA:450,0
DA:456,0
DA:457,0
DA:460,0
DA:461,0
DA:463,0
DA:464,0
DA:467,0
DA:471,1
LF:187
LH:19
BRDA:34,0,0,0
BRDA:51,1,0,0
BRDA:51,1,1,0
BRDA:92,2,0,0
BRDA:92,2,1,0
BRDA:103,3,0,0
BRDA:103,3,1,0
BRDA:104,4,0,0
BRDA:104,4,1,0
BRDA:104,5,0,0
BRDA:104,5,1,0
BRDA:106,6,0,0
BRDA:106,6,1,0
BRDA:106,6,2,0
BRDA:106,7,0,0
BRDA:106,7,1,0
BRDA:106,8,0,0
BRDA:106,8,1,0
BRDA:106,9,0,0
BRDA:106,9,1,0
BRDA:106,10,0,0
BRDA:106,10,1,0
BRDA:121,11,0,0
BRDA:121,11,1,0
BRDA:121,12,0,0
BRDA:121,12,1,0
BRDA:128,13,0,0
BRDA:128,13,1,0
BRDA:158,14,0,0
BRDA:158,14,1,0
BRDA:168,15,0,0
BRDA:168,15,1,0
BRDA:175,16,0,0
BRDA:175,16,1,0
BRDA:239,17,0,0
BRDA:239,17,1,0
BRDA:277,18,0,0
BRDA:277,18,1,0
BRDA:280,19,0,0
BRDA:280,19,1,0
BRDA:296,20,0,0
BRDA:296,20,1,0
BRDA:297,21,0,0
BRDA:297,21,1,0
BRDA:300,22,0,0
BRDA:300,22,1,0
BRDA:310,23,0,0
BRDA:310,23,1,0
BRDA:318,24,0,0
BRDA:318,24,1,0
BRDA:331,25,0,0
BRDA:331,25,1,0
BRDA:339,26,0,0
BRDA:339,26,1,0
BRDA:341,27,0,0
BRDA:341,27,1,0
BRDA:347,28,0,0
BRDA:347,28,1,0
BRDA:347,29,0,0
BRDA:347,29,1,0
BRDA:363,30,0,0
BRDA:363,30,1,0
BRDA:365,31,0,0
BRDA:365,31,1,0
BRDA:371,32,0,0
BRDA:371,32,1,0
BRDA:371,33,0,0
BRDA:371,33,1,0
BRDA:377,34,0,0
BRDA:377,34,1,0
BRDA:390,35,0,0
BRDA:390,35,1,0
BRDA:397,36,0,0
BRDA:397,36,1,0
BRDA:397,37,0,0
BRDA:397,37,1,0
BRDA:407,38,0,0
BRDA:407,38,1,0
BRDA:416,39,0,0
BRDA:416,39,1,0
BRDA:429,40,0,0
BRDA:429,40,1,0
BRDA:436,41,0,0
BRDA:436,41,1,0
BRDA:436,42,0,0
BRDA:436,42,1,0
BRDA:452,43,0,0
BRDA:452,43,1,0
BRF:88
BRH:0
end_of_record
TN:
SF:src\app\Modules\Video\Video.llm.service.ts
FN:37,(anonymous_28)
FN:40,(anonymous_29)
FN:70,(anonymous_30)
FN:73,(anonymous_31)
FN:89,generateChunks
FN:101,createSummaryPrompt
FN:118,(anonymous_35)
FN:120,(anonymous_36)
FN:125,(anonymous_37)
FN:127,(anonymous_38)
FN:141,createWorkflowPrompt
FN:155,(anonymous_40)
FN:193,(anonymous_41)
FN:202,(anonymous_42)
FN:214,(anonymous_43)
FN:215,(anonymous_44)
FN:225,(anonymous_45)
FN:236,(anonymous_46)
FN:237,(anonymous_47)
FNF:19
FNH:0
FNDA:0,(anonymous_28)
FNDA:0,(anonymous_29)
FNDA:0,(anonymous_30)
FNDA:0,(anonymous_31)
FNDA:0,generateChunks
FNDA:0,createSummaryPrompt
FNDA:0,(anonymous_35)
FNDA:0,(anonymous_36)
FNDA:0,(anonymous_37)
FNDA:0,(anonymous_38)
FNDA:0,createWorkflowPrompt
FNDA:0,(anonymous_40)
FNDA:0,(anonymous_41)
FNDA:0,(anonymous_42)
FNDA:0,(anonymous_43)
FNDA:0,(anonymous_44)
FNDA:0,(anonymous_45)
FNDA:0,(anonymous_46)
FNDA:0,(anonymous_47)
DA:1,1
DA:2,1
DA:5,1
DA:37,1
DA:40,0
DA:41,0
DA:42,0
DA:45,0
DA:47,0
DA:48,0
DA:50,0
DA:54,0
DA:60,0
DA:62,0
DA:63,0
DA:70,1
DA:73,0
DA:74,0
DA:76,0
DA:77,0
DA:78,0
DA:80,0
DA:83,0
DA:90,0
DA:91,0
DA:95,0
DA:102,0
DA:104,0
DA:118,0
DA:120,0
DA:125,0
DA:127,0
DA:142,0
DA:151,0
DA:153,0
DA:155,0
DA:156,0
DA:157,0
DA:158,0
DA:160,0
DA:165,0
DA:166,0
DA:172,0
DA:179,0
DA:182,0
DA:183,0
DA:192,0
DA:193,0
DA:194,0
DA:195,0
DA:197,0
DA:201,0
DA:202,0
DA:205,0
DA:214,0
DA:216,0
DA:217,0
DA:218,0
DA:219,0
DA:226,0
DA:227,0
DA:228,0
DA:229,0
DA:230,0
DA:236,0
DA:237,0
DA:270,1
LF:67
LH:6
BRDA:6,0,0,1
BRDA:6,0,1,0
BRDA:39,1,0,0
BRDA:47,2,0,0
BRDA:47,2,1,0
BRDA:72,3,0,0
BRDA:77,4,0,0
BRDA:77,4,1,0
BRDA:160,5,0,0
BRDA:160,5,1,0
BRDA:161,6,0,0
BRDA:161,6,1,0
BRDA:161,6,2,0
BRDA:165,7,0,0
BRDA:165,7,1,0
BRDA:182,8,0,0
BRDA:182,8,1,0
BRDA:182,9,0,0
BRDA:182,9,1,0
BRDA:194,10,0,0
BRDA:194,10,1,0
BRF:21
BRH:1
end_of_record
TN:
SF:src\app\Modules\Video\Video.model.ts
FNF:0
FNH:0
DA:1,3
DA:4,3
DA:34,3
DA:36,3
LF:4
LH:4
BRF:0
BRH:0
end_of_record
TN:
SF:src\app\Modules\Video\Video.route.ts
FN:17,(anonymous_1)
FNF:1
FNH:0
FNDA:0,(anonymous_1)
DA:1,1
DA:2,1
DA:3,1
DA:4,1
DA:5,1
DA:6,1
DA:8,1
DA:11,1
DA:12,1
DA:19,0
DA:20,0
DA:22,0
DA:27,1
DA:35,1
DA:36,1
DA:37,1
DA:44,1
DA:46,1
DA:52,1
LF:19
LH:16
BRDA:19,0,0,0
BRDA:19,0,1,0
BRF:2
BRH:0
end_of_record
TN:
SF:src\app\Modules\Video\Video.service.ts
FN:7,(anonymous_8)
FN:7,(anonymous_9)
FN:17,(anonymous_10)
FN:17,(anonymous_11)
FN:29,(anonymous_12)
FN:29,(anonymous_13)
FN:34,(anonymous_14)
FN:34,(anonymous_15)
FNF:8
FNH:8
FNDA:2,(anonymous_8)
FNDA:2,(anonymous_9)
FNDA:1,(anonymous_10)
FNDA:1,(anonymous_11)
FNDA:2,(anonymous_12)
FNDA:2,(anonymous_13)
FNDA:2,(anonymous_14)
FNDA:2,(anonymous_15)
DA:1,2
DA:2,2
DA:3,2
DA:5,2
DA:7,2
DA:8,2
DA:10,1
DA:11,0
DA:14,1
DA:17,2
DA:18,1
DA:25,0
DA:26,0
DA:29,2
DA:30,2
DA:31,2
DA:34,2
DA:35,2
DA:40,2
DA:41,0
DA:44,2
DA:47,2
LF:22
LH:18
BRDA:10,0,0,0
BRDA:10,0,1,1
BRDA:40,1,0,0
BRDA:40,1,1,2
BRF:4
BRH:2
end_of_record
TN:
SF:src\app\Modules\Video\Video.utility.ts
FN:19,(anonymous_16)
FN:19,(anonymous_17)
FN:25,(anonymous_18)
FN:31,(anonymous_19)
FN:42,(anonymous_20)
FN:45,(anonymous_21)
FN:49,(anonymous_22)
FN:52,(anonymous_23)
FN:56,(anonymous_24)
FN:60,(anonymous_25)
FNF:10
FNH:0
FNDA:0,(anonymous_16)
FNDA:0,(anonymous_17)
FNDA:0,(anonymous_18)
FNDA:0,(anonymous_19)
FNDA:0,(anonymous_20)
FNDA:0,(anonymous_21)
FNDA:0,(anonymous_22)
FNDA:0,(anonymous_23)
FNDA:0,(anonymous_24)
FNDA:0,(anonymous_25)
DA:1,1
DA:11,1
DA:19,1
DA:20,0
DA:21,0
DA:22,0
DA:25,0
DA:26,0
DA:32,0
DA:33,0
DA:35,0
DA:42,1
DA:45,0
DA:46,0
DA:47,0
DA:49,0
DA:50,0
DA:52,0
DA:53,0
DA:56,0
DA:57,0
DA:60,0
DA:61,0
DA:65,0
LF:24
LH:4
BRDA:15,0,0,1
BRDA:15,0,1,0
BRDA:16,1,0,1
BRDA:16,1,1,0
BRDA:21,2,0,0
BRDA:21,2,1,0
BRDA:32,3,0,0
BRDA:32,3,1,0
BRF:8
BRH:2
end_of_record
TN:
SF:src\app\Modules\Video\Video.validation.ts
FNF:0
FNH:0
DA:1,1
DA:3,1
DA:9,1
LF:3
LH:3
BRF:0
BRH:0
end_of_record
TN:
SF:src\app\builder\QueryBuilder.ts
FN:7,(anonymous_0)
FN:12,(anonymous_1)
FN:17,(anonymous_2)
FN:28,(anonymous_3)
FN:34,(anonymous_4)
FN:41,(anonymous_5)
FN:49,(anonymous_6)
FN:59,(anonymous_7)
FNF:8
FNH:4
FNDA:1,(anonymous_0)
FNDA:1,(anonymous_1)
FNDA:0,(anonymous_2)
FNDA:1,(anonymous_3)
FNDA:5,(anonymous_4)
FNDA:0,(anonymous_5)
FNDA:0,(anonymous_6)
FNDA:0,(anonymous_7)
DA:8,1
DA:9,1
DA:13,1
DA:14,1
DA:15,0
DA:18,0
DA:25,1
DA:29,1
DA:32,1
DA:34,5
DA:36,1
DA:38,0
DA:43,0
DA:44,0
DA:46,0
DA:50,0
DA:51,0
DA:52,0
DA:54,0
DA:56,0
DA:61,0
DA:63,0
DA:64,0
DA:68,4
LF:24
LH:10
BRDA:13,0,0,0
BRDA:13,0,1,1
BRDA:13,1,0,1
BRDA:13,1,1,1
BRDA:13,2,0,0
BRDA:13,2,1,1
BRDA:13,3,0,1
BRDA:13,3,1,1
BRDA:14,4,0,0
BRDA:14,4,1,1
BRDA:43,5,0,0
BRDA:43,5,1,0
BRDA:43,6,0,0
BRDA:43,6,1,0
BRDA:43,7,0,0
BRDA:43,7,1,0
BRDA:43,8,0,0
BRDA:43,8,1,0
BRDA:43,9,0,0
BRDA:43,9,1,0
BRDA:43,10,0,0
BRDA:43,10,1,0
BRDA:43,11,0,0
BRDA:43,11,1,0
BRDA:43,12,0,0
BRDA:43,12,1,0
BRDA:43,13,0,0
BRDA:43,13,1,0
BRDA:50,14,0,0
BRDA:50,14,1,0
BRDA:50,15,0,0
BRDA:50,15,1,0
BRDA:50,16,0,0
BRDA:50,16,1,0
BRDA:50,17,0,0
BRDA:50,17,1,0
BRDA:50,18,0,0
BRDA:50,18,1,0
BRDA:51,19,0,0
BRDA:51,19,1,0
BRDA:51,20,0,0
BRDA:51,20,1,0
BRDA:51,21,0,0
BRDA:51,21,1,0
BRDA:51,22,0,0
BRDA:51,22,1,0
BRDA:51,23,0,0
BRDA:51,23,1,0
BRDA:61,24,0,0
BRDA:61,24,1,0
BRDA:61,25,0,0
BRDA:61,25,1,0
BRDA:61,26,0,0
BRDA:61,26,1,0
BRDA:61,27,0,0
BRDA:61,27,1,0
BRDA:61,28,0,0
BRDA:61,28,1,0
BRDA:61,29,0,0
BRDA:61,29,1,0
BRDA:61,30,0,0
BRDA:61,30,1,0
BRDA:61,31,0,0
BRDA:61,31,1,0
BRDA:61,32,0,0
BRDA:61,32,1,0
BRDA:63,33,0,0
BRDA:63,33,1,0
BRDA:63,34,0,0
BRDA:63,34,1,0
BRF:70
BRH:7
end_of_record
TN:
SF:src\app\config\index.ts
FNF:0
FNH:0
DA:1,4
DA:2,4
DA:4,4
DA:6,4
LF:4
LH:4
BRDA:15,0,0,4
BRDA:15,0,1,0
BRDA:16,1,0,4
BRDA:16,1,1,0
BRF:4
BRH:2
end_of_record
TN:
SF:src\app\errors\AppError.ts
FN:4,(anonymous_0)
FNF:1
FNH:0
FNDA:0,(anonymous_0)
DA:5,0
DA:6,0
DA:8,0
DA:9,0
DA:11,0
DA:16,2
LF:6
LH:1
BRDA:4,0,0,0
BRDA:8,1,0,0
BRDA:8,1,1,0
BRF:3
BRH:0
end_of_record
TN:
SF:src\app\errors\handleCastError.ts
FN:4,(anonymous_0)
FNF:1
FNH:0
FNDA:0,(anonymous_0)
DA:4,1
DA:7,0
DA:14,0
DA:16,0
DA:23,1
LF:5
LH:2
BRF:0
BRH:0
end_of_record
TN:
SF:src\app\errors\handleDuplicateError.ts
FN:4,(anonymous_0)
FNF:1
FNH:0
FNDA:0,(anonymous_0)
DA:4,1
DA:6,0
DA:9,0
DA:11,0
DA:18,0
DA:20,0
DA:27,1
LF:7
LH:2
BRDA:9,0,0,0
BRDA:9,0,1,0
BRF:2
BRH:0
end_of_record
TN:
SF:src\app\errors\handleValidationError.ts
FN:4,(anonymous_0)
FN:8,(anonymous_1)
FNF:2
FNH:0
FNDA:0,(anonymous_0)
FNDA:0,(anonymous_1)
DA:4,1
DA:7,0
DA:9,0
DA:16,0
DA:18,0
DA:25,1
LF:6
LH:2
BRDA:10,0,0,0
BRDA:10,0,1,0
BRDA:10,1,0,0
BRDA:10,1,1,0
BRDA:11,2,0,0
BRDA:11,2,1,0
BRDA:11,3,0,0
BRDA:11,3,1,0
BRF:8
BRH:0
end_of_record
TN:
SF:src\app\errors\handleZodError.ts
FN:4,(anonymous_0)
FN:5,(anonymous_1)
FNF:2
FNH:0
FNDA:0,(anonymous_0)
FNDA:0,(anonymous_1)
DA:4,1
DA:5,0
DA:6,0
DA:12,0
DA:14,0
DA:21,1
LF:6
LH:2
BRDA:7,0,0,0
BRDA:7,0,1,0
BRDA:7,1,0,0
BRDA:7,1,1,0
BRF:4
BRH:0
end_of_record
TN:
SF:src\app\middlewares\auth.ts
FN:10,(anonymous_17)
FN:11,(anonymous_18)
FN:11,(anonymous_19)
FNF:3
FNH:1
FNDA:9,(anonymous_17)
FNDA:0,(anonymous_18)
FNDA:0,(anonymous_19)
DA:2,1
DA:3,1
DA:4,1
DA:5,1
DA:6,1
DA:8,1
DA:10,1
DA:11,9
DA:12,0
DA:14,0
DA:15,0
DA:18,0
DA:19,0
DA:24,0
DA:26,0
DA:28,0
DA:29,0
DA:32,0
DA:33,0
DA:36,0
DA:38,0
DA:40,0
DA:41,0
DA:46,0
DA:51,1
LF:25
LH:9
BRDA:14,0,0,0
BRDA:14,0,1,0
BRDA:28,1,0,0
BRDA:28,1,1,0
BRDA:32,2,0,0
BRDA:32,2,1,0
BRDA:32,3,0,0
BRDA:32,3,1,0
BRDA:40,4,0,0
BRDA:40,4,1,0
BRF:10
BRH:0
end_of_record
TN:
SF:src\app\middlewares\globalErrorHandler.ts
FN:13,(anonymous_1)
FNF:1
FNH:0
FNDA:0,(anonymous_1)
DA:4,1
DA:5,1
DA:6,1
DA:7,1
DA:8,1
DA:9,1
DA:11,1
DA:13,1
DA:15,0
DA:16,0
DA:17,0
DA:24,0
DA:25,0
DA:26,0
DA:27,0
DA:28,0
DA:29,0
DA:30,0
DA:31,0
DA:32,0
DA:33,0
DA:34,0
DA:35,0
DA:36,0
DA:37,0
DA:38,0
DA:39,0
DA:40,0
DA:41,0
DA:42,0
DA:43,0
DA:44,0
DA:45,0
DA:46,0
DA:47,0
DA:53,0
DA:54,0
DA:55,0
DA:64,0
DA:73,1
LF:40
LH:9
BRDA:24,0,0,0
BRDA:24,0,1,0
BRDA:26,1,0,0
BRDA:26,1,1,0
BRDA:26,2,0,0
BRDA:26,2,1,0
BRDA:27,3,0,0
BRDA:27,3,1,0
BRDA:27,4,0,0
BRDA:27,4,1,0
BRDA:28,5,0,0
BRDA:28,5,1,0
BRDA:28,6,0,0
BRDA:28,6,1,0
BRDA:29,7,0,0
BRDA:29,7,1,0
BRDA:29,8,0,0
BRDA:29,8,1,0
BRDA:29,9,0,0
BRDA:29,9,1,0
BRDA:31,10,0,0
BRDA:31,10,1,0
BRDA:31,11,0,0
BRDA:31,11,1,0
BRDA:32,12,0,0
BRDA:32,12,1,0
BRDA:32,13,0,0
BRDA:32,13,1,0
BRDA:33,14,0,0
BRDA:33,14,1,0
BRDA:33,15,0,0
BRDA:33,15,1,0
BRDA:34,16,0,0
BRDA:34,16,1,0
BRDA:34,17,0,0
BRDA:34,17,1,0
BRDA:34,18,0,0
BRDA:34,18,1,0
BRDA:36,19,0,0
BRDA:36,19,1,0
BRDA:36,20,0,0
BRDA:36,20,1,0
BRDA:37,21,0,0
BRDA:37,21,1,0
BRDA:37,22,0,0
BRDA:37,22,1,0
BRDA:38,23,0,0
BRDA:38,23,1,0
BRDA:38,24,0,0
BRDA:38,24,1,0
BRDA:39,25,0,0
BRDA:39,25,1,0
BRDA:39,26,0,0
BRDA:39,26,1,0
BRDA:39,27,0,0
BRDA:39,27,1,0
BRDA:41,28,0,0
BRDA:41,28,1,0
BRDA:41,29,0,0
BRDA:41,29,1,0
BRDA:42,30,0,0
BRDA:42,30,1,0
BRDA:42,31,0,0
BRDA:42,31,1,0
BRDA:43,32,0,0
BRDA:43,32,1,0
BRDA:43,33,0,0
BRDA:43,33,1,0
BRDA:44,34,0,0
BRDA:44,34,1,0
BRDA:45,35,0,0
BRDA:45,35,1,0
BRDA:45,36,0,0
BRDA:45,36,1,0
BRDA:50,37,0,0
BRDA:50,37,1,0
BRDA:50,38,0,0
BRDA:50,38,1,0
BRDA:53,39,0,0
BRDA:53,39,1,0
BRDA:58,40,0,0
BRDA:58,40,1,0
BRDA:58,41,0,0
BRDA:58,41,1,0
BRDA:69,42,0,0
BRDA:69,42,1,0
BRDA:69,43,0,0
BRDA:69,43,1,0
BRDA:69,44,0,0
BRDA:69,44,1,0
BRF:90
BRH:0
end_of_record
TN:
SF:src\app\middlewares\notFound.ts
FN:4,(anonymous_0)
FNF:1
FNH:1
FNDA:3,(anonymous_0)
DA:4,1
DA:5,3
DA:13,1
LF:3
LH:3
BRF:0
BRH:0
end_of_record
TN:
SF:src\app\middlewares\validateRequest.ts
FN:5,(anonymous_8)
FN:6,(anonymous_9)
FN:6,(anonymous_10)
FNF:3
FNH:1
FNDA:2,(anonymous_8)
FNDA:0,(anonymous_9)
FNDA:0,(anonymous_10)
DA:3,1
DA:5,1
DA:6,2
DA:7,0
DA:10,0
DA:14,1
LF:6
LH:4
BRF:0
BRH:0
end_of_record
TN:
SF:src\app\routes\index.ts
FN:21,(anonymous_0)
FNF:1
FNH:1
FNDA:2,(anonymous_0)
DA:1,1
DA:2,1
DA:3,1
DA:5,1
DA:7,1
DA:21,2
DA:23,1
LF:7
LH:7
BRF:0
BRH:0
end_of_record
TN:
SF:src\app\utils\NotoSansBengali-Regular-normal.ts
FNF:0
FNH:0
DA:1,0
DA:2,0
LF:2
LH:0
BRF:0
BRH:0
end_of_record
TN:
SF:src\app\utils\catchAsync.ts
FN:3,(anonymous_0)
FN:4,(anonymous_1)
FN:5,(anonymous_2)
FNF:3
FNH:3
FNDA:27,(anonymous_0)
FNDA:8,(anonymous_1)
FNDA:1,(anonymous_2)
DA:3,2
DA:4,27
DA:5,8
DA:10,2
LF:4
LH:4
BRF:0
BRH:0
end_of_record
TN:
SF:src\app\utils\sendResponse.ts
FN:10,(anonymous_0)
FNF:1
FNH:1
FNDA:7,(anonymous_0)
DA:10,2
DA:12,7
DA:19,2
LF:3
LH:3
BRDA:12,0,0,0
BRDA:12,0,1,7
BRDA:12,1,0,7
BRDA:12,1,1,7
BRDA:14,2,0,0
BRDA:14,2,1,7
BRDA:14,3,0,7
BRDA:14,3,1,7
BRF:8
BRH:6
end_of_record
